<?xml version="1.0" encoding="UTF-8"?>
<!-- Generated by org.testng.reporters.JUnitXMLReporter -->
<testsuite ignored="0" hostname="LAPTOP-DBLE9KDA" failures="3" tests="10" name="Surefire test" time="40.905" errors="0" timestamp="2024-08-03T18:51:34 IST">
  <testcase classname="api.test.DataDrivenTests" name="testPostUser" time="10.733"/>
  <testcase classname="api.test.DataDrivenTests" name="testPostUser" time="2.993"/>
  <testcase classname="api.test.DataDrivenTests" name="testPostUser" time="1.647"/>
  <testcase classname="api.test.DataDrivenTests" name="testDeleteUserByName" time="1.658">
    <failure type="java.lang.AssertionError" message="expected [200] but found [404]">
      <![CDATA[java.lang.AssertionError: expected [200] but found [404]
at api.test.DataDrivenTests.testDeleteUserByName(DataDrivenTests.java:33)
at java.base/java.util.ArrayList.forEach(ArrayList.java:1511)
... Removed 38 stack frames]]>
    </failure>
  </testcase> <!-- testDeleteUserByName -->
  <testcase classname="api.test.DataDrivenTests" name="testDeleteUserByName" time="1.827">
    <failure type="java.lang.AssertionError" message="expected [200] but found [404]">
      <![CDATA[java.lang.AssertionError: expected [200] but found [404]
at api.test.DataDrivenTests.testDeleteUserByName(DataDrivenTests.java:33)
at java.base/java.util.ArrayList.forEach(ArrayList.java:1511)
... Removed 38 stack frames]]>
    </failure>
  </testcase> <!-- testDeleteUserByName -->
  <testcase classname="api.test.DataDrivenTests" name="testDeleteUserByName" time="1.915">
    <failure type="java.lang.AssertionError" message="expected [200] but found [404]">
      <![CDATA[java.lang.AssertionError: expected [200] but found [404]
at api.test.DataDrivenTests.testDeleteUserByName(DataDrivenTests.java:33)
at java.base/java.util.ArrayList.forEach(ArrayList.java:1511)
... Removed 38 stack frames]]>
    </failure>
  </testcase> <!-- testDeleteUserByName -->
  <testcase classname="api.test.UserTests" name="testPostUser" time="3.555"/>
  <testcase classname="api.test.UserTests" name="testGetUserByName" time="1.855"/>
  <testcase classname="api.test.UserTests" name="testUpdateUserByName" time="4.571"/>
  <testcase classname="api.test.UserTests" name="testDeleteUserByName" time="1.485"/>
</testsuite> <!-- Surefire test -->
